# JRE version: Java(TM) SE Runtime Environment (12.0.1+12) (build 12.0.1+12)
# Java VM: Java HotSpot(TM) 64-Bit Server VM (12.0.1+12, mixed mode, sharing, tiered, compressed oops, g1 gc, windows-amd64)
Heap:
 garbage-first heap   total 92160K, used 55540K [0x0000000081600000, 0x0000000100000000)
  region size 1024K, 25 young (25600K), 5 survivors (5120K)
 Metaspace       used 30365K, capacity 30876K, committed 31152K, reserved 1077248K
  class space    used 3862K, capacity 4043K, committed 4096K, reserved 1048576K
GC Heap History (10 events):
Event: 2.264 GC heap before
{Heap before GC invocations=2 (full 0):
 garbage-first heap   total 131072K, used 58829K [0x0000000081600000, 0x0000000100000000)
  region size 1024K, 40 young (40960K), 3 survivors (3072K)
 Metaspace       used 19427K, capacity 19828K, committed 20096K, reserved 1067008K
  class space    used 2238K, capacity 2419K, committed 2432K, reserved 1048576K
}
Event: 2.268 GC heap after
{Heap after GC invocations=3 (full 0):
 garbage-first heap   total 131072K, used 24437K [0x0000000081600000, 0x0000000100000000)
  region size 1024K, 3 young (3072K), 3 survivors (3072K)
 Metaspace       used 19427K, capacity 19828K, committed 20096K, reserved 1067008K
  class space    used 2238K, capacity 2419K, committed 2432K, reserved 1048576K
}
Event: 2.336 GC heap before
{Heap before GC invocations=3 (full 0):
 garbage-first heap   total 131072K, used 34677K [0x0000000081600000, 0x0000000100000000)
  region size 1024K, 15 young (15360K), 3 survivors (3072K)
 Metaspace       used 20705K, capacity 21097K, committed 21296K, reserved 1069056K
  class space    used 2407K, capacity 2586K, committed 2688K, reserved 1048576K
}
Event: 2.339 GC heap after
{Heap after GC invocations=4 (full 0):
 garbage-first heap   total 131072K, used 25663K [0x0000000081600000, 0x0000000100000000)
  region size 1024K, 4 young (4096K), 4 survivors (4096K)
 Metaspace       used 20705K, capacity 21097K, committed 21296K, reserved 1069056K
  class space    used 2407K, capacity 2586K, committed 2688K, reserved 1048576K
}
Event: 3.697 GC heap before
{Heap before GC invocations=5 (full 0):
 garbage-first heap   total 92160K, used 71743K [0x0000000081600000, 0x0000000100000000)
  region size 1024K, 49 young (50176K), 4 survivors (4096K)
 Metaspace       used 26015K, capacity 26492K, committed 26672K, reserved 1073152K
  class space    used 3148K, capacity 3334K, committed 3456K, reserved 1048576K
}
Event: 3.701 GC heap after
{Heap after GC invocations=6 (full 0):
 garbage-first heap   total 92160K, used 30004K [0x0000000081600000, 0x0000000100000000)
  region size 1024K, 7 young (7168K), 7 survivors (7168K)
 Metaspace       used 26015K, capacity 26492K, committed 26672K, reserved 1073152K
  class space    used 3148K, capacity 3334K, committed 3456K, reserved 1048576K
}
Event: 5.070 GC heap before
{Heap before GC invocations=6 (full 0):
 garbage-first heap   total 92160K, used 61748K [0x0000000081600000, 0x0000000100000000)
  region size 1024K, 38 young (38912K), 7 survivors (7168K)
 Metaspace       used 27991K, capacity 28522K, committed 28720K, reserved 1075200K
  class space    used 3504K, capacity 3688K, committed 3712K, reserved 1048576K
}
Event: 5.076 GC heap after
{Heap after GC invocations=7 (full 0):
 garbage-first heap   total 92160K, used 33075K [0x0000000081600000, 0x0000000100000000)
  region size 1024K, 3 young (3072K), 3 survivors (3072K)
 Metaspace       used 27991K, capacity 28522K, committed 28720K, reserved 1075200K
  class space    used 3504K, capacity 3688K, committed 3712K, reserved 1048576K
}
Event: 7.177 GC heap before
{Heap before GC invocations=7 (full 0):
 garbage-first heap   total 92160K, used 63795K [0x0000000081600000, 0x0000000100000000)
  region size 1024K, 33 young (33792K), 3 survivors (3072K)
 Metaspace       used 29524K, capacity 30003K, committed 30256K, reserved 1075200K
  class space    used 3767K, capacity 3945K, committed 3968K, reserved 1048576K
}
Event: 7.181 GC heap after
{Heap after GC invocations=8 (full 0):
 garbage-first heap   total 92160K, used 36084K [0x0000000081600000, 0x0000000100000000)
  region size 1024K, 5 young (5120K), 5 survivors (5120K)
 Metaspace       used 29524K, capacity 30003K, committed 30256K, reserved 1075200K
  class space    used 3767K, capacity 3945K, committed 3968K, reserved 1048576K
}

