# JRE version: Java(TM) SE Runtime Environment (12.0.1+12) (build 12.0.1+12)
# Java VM: Java HotSpot(TM) 64-Bit Server VM (12.0.1+12, mixed mode, sharing, tiered, compressed oops, g1 gc, windows-amd64)
Heap:
 garbage-first heap   total 92160K, used 58824K [0x0000000081600000, 0x0000000100000000)
  region size 1024K, 11 young (11264K), 4 survivors (4096K)
 Metaspace       used 34272K, capacity 35004K, committed 35248K, reserved 1079296K
  class space    used 4586K, capacity 4857K, committed 4864K, reserved 1048576K
GC Heap History (10 events):
Event: 10.235 GC heap before
{Heap before GC invocations=7 (full 0):
 garbage-first heap   total 92160K, used 64506K [0x0000000081600000, 0x0000000100000000)
  region size 1024K, 33 young (33792K), 3 survivors (3072K)
 Metaspace       used 29632K, capacity 30108K, committed 30384K, reserved 1075200K
  class space    used 3771K, capacity 3979K, committed 4096K, reserved 1048576K
}
Event: 10.241 GC heap after
{Heap after GC invocations=8 (full 0):
 garbage-first heap   total 92160K, used 37459K [0x0000000081600000, 0x0000000100000000)
  region size 1024K, 5 young (5120K), 5 survivors (5120K)
 Metaspace       used 29632K, capacity 30108K, committed 30384K, reserved 1075200K
  class space    used 3771K, capacity 3979K, committed 4096K, reserved 1048576K
}
Event: 13.897 GC heap before
{Heap before GC invocations=8 (full 0):
 garbage-first heap   total 92160K, used 67155K [0x0000000081600000, 0x0000000100000000)
  region size 1024K, 34 young (34816K), 5 survivors (5120K)
 Metaspace       used 31027K, capacity 31785K, committed 31920K, reserved 1077248K
  class space    used 3953K, capacity 4227K, committed 4352K, reserved 1048576K
}
Event: 13.910 GC heap after
{Heap after GC invocations=9 (full 0):
 garbage-first heap   total 92160K, used 42316K [0x0000000081600000, 0x0000000100000000)
  region size 1024K, 5 young (5120K), 5 survivors (5120K)
 Metaspace       used 31027K, capacity 31785K, committed 31920K, reserved 1077248K
  class space    used 3953K, capacity 4227K, committed 4352K, reserved 1048576K
}
Event: 15.469 GC heap before
{Heap before GC invocations=9 (full 0):
 garbage-first heap   total 92160K, used 68940K [0x0000000081600000, 0x0000000100000000)
  region size 1024K, 31 young (31744K), 5 survivors (5120K)
 Metaspace       used 31848K, capacity 32620K, committed 32816K, reserved 1077248K
  class space    used 4149K, capacity 4419K, committed 4480K, reserved 1048576K
}
Event: 15.480 GC heap after
{Heap after GC invocations=10 (full 0):
 garbage-first heap   total 92160K, used 45813K [0x0000000081600000, 0x0000000100000000)
  region size 1024K, 4 young (4096K), 4 survivors (4096K)
 Metaspace       used 31848K, capacity 32620K, committed 32816K, reserved 1077248K
  class space    used 4149K, capacity 4419K, committed 4480K, reserved 1048576K
}
Event: 17.003 GC heap before
{Heap before GC invocations=10 (full 0):
 garbage-first heap   total 92160K, used 69365K [0x0000000081600000, 0x0000000100000000)
  region size 1024K, 28 young (28672K), 4 survivors (4096K)
 Metaspace       used 32686K, capacity 33454K, committed 33712K, reserved 1079296K
  class space    used 4283K, capacity 4547K, committed 4608K, reserved 1048576K
}
Event: 17.013 GC heap after
{Heap after GC invocations=11 (full 0):
 garbage-first heap   total 92160K, used 48879K [0x0000000081600000, 0x0000000100000000)
  region size 1024K, 3 young (3072K), 3 survivors (3072K)
 Metaspace       used 32686K, capacity 33454K, committed 33712K, reserved 1079296K
  class space    used 4283K, capacity 4547K, committed 4608K, reserved 1048576K
}
Event: 17.708 GC heap before
{Heap before GC invocations=12 (full 0):
 garbage-first heap   total 92160K, used 72431K [0x0000000081600000, 0x0000000100000000)
  region size 1024K, 26 young (26624K), 3 survivors (3072K)
 Metaspace       used 34104K, capacity 34812K, committed 34992K, reserved 1079296K
  class space    used 4531K, capacity 4793K, committed 4864K, reserved 1048576K
}
Event: 17.714 GC heap after
{Heap after GC invocations=13 (full 0):
 garbage-first heap   total 92160K, used 52680K [0x0000000081600000, 0x0000000100000000)
  region size 1024K, 4 young (4096K), 4 survivors (4096K)
 Metaspace       used 34104K, capacity 34812K, committed 34992K, reserved 1079296K
  class space    used 4531K, capacity 4793K, committed 4864K, reserved 1048576K
}

