# JRE version: Java(TM) SE Runtime Environment (12.0.1+12) (build 12.0.1+12)
# Java VM: Java HotSpot(TM) 64-Bit Server VM (12.0.1+12, mixed mode, sharing, tiered, compressed oops, g1 gc, windows-amd64)
Heap:
 garbage-first heap   total 96256K, used 43074K [0x0000000081600000, 0x0000000100000000)
  region size 1024K, 8 young (8192K), 5 survivors (5120K)
 Metaspace       used 31004K, capacity 31781K, committed 31920K, reserved 1077248K
  class space    used 3955K, capacity 4226K, committed 4352K, reserved 1048576K
GC Heap History (10 events):
Event: 3.725 GC heap before
{Heap before GC invocations=3 (full 0):
 garbage-first heap   total 131072K, used 37543K [0x0000000081600000, 0x0000000100000000)
  region size 1024K, 17 young (17408K), 3 survivors (3072K)
 Metaspace       used 20685K, capacity 21097K, committed 21296K, reserved 1069056K
  class space    used 2410K, capacity 2586K, committed 2688K, reserved 1048576K
}
Event: 3.731 GC heap after
{Heap after GC invocations=4 (full 0):
 garbage-first heap   total 131072K, used 26303K [0x0000000081600000, 0x0000000100000000)
  region size 1024K, 4 young (4096K), 4 survivors (4096K)
 Metaspace       used 20685K, capacity 21097K, committed 21296K, reserved 1069056K
  class space    used 2410K, capacity 2586K, committed 2688K, reserved 1048576K
}
Event: 6.442 GC heap before
{Heap before GC invocations=5 (full 0):
 garbage-first heap   total 96256K, used 70335K [0x0000000081600000, 0x0000000100000000)
  region size 1024K, 47 young (48128K), 4 survivors (4096K)
 Metaspace       used 25883K, capacity 26363K, committed 26672K, reserved 1073152K
  class space    used 3119K, capacity 3334K, committed 3456K, reserved 1048576K
}
Event: 6.447 GC heap after
{Heap after GC invocations=6 (full 0):
 garbage-first heap   total 96256K, used 30935K [0x0000000081600000, 0x0000000100000000)
  region size 1024K, 6 young (6144K), 6 survivors (6144K)
 Metaspace       used 25883K, capacity 26363K, committed 26672K, reserved 1073152K
  class space    used 3119K, capacity 3334K, committed 3456K, reserved 1048576K
}
Event: 7.916 GC heap before
{Heap before GC invocations=6 (full 0):
 garbage-first heap   total 96256K, used 62679K [0x0000000081600000, 0x0000000100000000)
  region size 1024K, 37 young (37888K), 6 survivors (6144K)
 Metaspace       used 27928K, capacity 28393K, committed 28464K, reserved 1075200K
  class space    used 3490K, capacity 3688K, committed 3712K, reserved 1048576K
}
Event: 7.921 GC heap after
{Heap after GC invocations=7 (full 0):
 garbage-first heap   total 96256K, used 33310K [0x0000000081600000, 0x0000000100000000)
  region size 1024K, 3 young (3072K), 3 survivors (3072K)
 Metaspace       used 27928K, capacity 28393K, committed 28464K, reserved 1075200K
  class space    used 3490K, capacity 3688K, committed 3712K, reserved 1048576K
}
Event: 10.455 GC heap before
{Heap before GC invocations=7 (full 0):
 garbage-first heap   total 96256K, used 65054K [0x0000000081600000, 0x0000000100000000)
  region size 1024K, 34 young (34816K), 3 survivors (3072K)
 Metaspace       used 29540K, capacity 30033K, committed 30384K, reserved 1075200K
  class space    used 3774K, capacity 3977K, committed 4096K, reserved 1048576K
}
Event: 10.463 GC heap after
{Heap after GC invocations=8 (full 0):
 garbage-first heap   total 96256K, used 36396K [0x0000000081600000, 0x0000000100000000)
  region size 1024K, 5 young (5120K), 5 survivors (5120K)
 Metaspace       used 29540K, capacity 30033K, committed 30384K, reserved 1075200K
  class space    used 3774K, capacity 3977K, committed 4096K, reserved 1048576K
}
Event: 14.761 GC heap before
{Heap before GC invocations=8 (full 0):
 garbage-first heap   total 96256K, used 68140K [0x0000000081600000, 0x0000000100000000)
  region size 1024K, 36 young (36864K), 5 survivors (5120K)
 Metaspace       used 30524K, capacity 31003K, committed 31280K, reserved 1077248K
  class space    used 3890K, capacity 4107K, committed 4224K, reserved 1048576K
}
Event: 14.768 GC heap after
{Heap after GC invocations=9 (full 0):
 garbage-first heap   total 96256K, used 41026K [0x0000000081600000, 0x0000000100000000)
  region size 1024K, 5 young (5120K), 5 survivors (5120K)
 Metaspace       used 30524K, capacity 31003K, committed 31280K, reserved 1077248K
  class space    used 3890K, capacity 4107K, committed 4224K, reserved 1048576K
}

